{"/Users/timi/web/movie_recommendation_api/migration/1716285585441-movie.ts": {"path":"/Users/timi/web/movie_recommendation_api/migration/1716285585441-movie.ts","statementMap":{"0":{"start":{"line":3,"column":0},"end":{"line":3,"column":13}},"1":{"start":{"line":5,"column":15},"end":{"line":28,"column":null}},"2":{"start":{"line":6,"column":4},"end":{"line":26,"column":null}},"3":{"start":{"line":6,"column":4},"end":{"line":27,"column":16}},"4":{"start":{"line":30,"column":15},"end":{"line":32,"column":null}},"5":{"start":{"line":31,"column":4},"end":{"line":31,"column":62}},"6":{"start":{"line":33,"column":0},"end":{"line":33,"column":null}},"7":{"start":{"line":3,"column":13},"end":{"line":3,"column":31}}},"fnMap":{"0":{"name":"(anonymous_13)","decl":{"start":{"line":3,"column":0},"end":{"line":3,"column":13}},"loc":{"start":{"line":3,"column":0},"end":{"line":33,"column":null}}},"1":{"name":"(anonymous_15)","decl":{"start":{"line":5,"column":2},"end":{"line":5,"column":15}},"loc":{"start":{"line":5,"column":42},"end":{"line":28,"column":null}}},"2":{"name":"(anonymous_18)","decl":{"start":{"line":30,"column":2},"end":{"line":30,"column":15}},"loc":{"start":{"line":30,"column":44},"end":{"line":32,"column":null}}}},"branchMap":{"0":{"loc":{"start":{"line":6,"column":4},"end":{"line":26,"column":null}},"type":"switch","locations":[{"start":{"line":6,"column":4},"end":{"line":26,"column":null}}]},"1":{"loc":{"start":{"line":31,"column":4},"end":{"line":31,"column":62}},"type":"switch","locations":[{"start":{"line":31,"column":4},"end":{"line":31,"column":62}}]}},"s":{"0":1,"1":1,"2":0,"3":0,"4":1,"5":0,"6":1,"7":1},"f":{"0":2,"1":0,"2":0},"b":{"0":[0],"1":[0]}}
,"/Users/timi/web/movie_recommendation_api/migration/1716285604793-users.ts": {"path":"/Users/timi/web/movie_recommendation_api/migration/1716285604793-users.ts","statementMap":{"0":{"start":{"line":3,"column":0},"end":{"line":3,"column":13}},"1":{"start":{"line":5,"column":15},"end":{"line":28,"column":null}},"2":{"start":{"line":7,"column":4},"end":{"line":26,"column":null}},"3":{"start":{"line":7,"column":4},"end":{"line":27,"column":16}},"4":{"start":{"line":30,"column":15},"end":{"line":33,"column":null}},"5":{"start":{"line":32,"column":4},"end":{"line":32,"column":61}},"6":{"start":{"line":35,"column":0},"end":{"line":35,"column":null}},"7":{"start":{"line":3,"column":13},"end":{"line":3,"column":31}}},"fnMap":{"0":{"name":"(anonymous_13)","decl":{"start":{"line":3,"column":0},"end":{"line":3,"column":13}},"loc":{"start":{"line":3,"column":0},"end":{"line":35,"column":null}}},"1":{"name":"(anonymous_15)","decl":{"start":{"line":5,"column":2},"end":{"line":5,"column":15}},"loc":{"start":{"line":5,"column":42},"end":{"line":28,"column":null}}},"2":{"name":"(anonymous_18)","decl":{"start":{"line":30,"column":2},"end":{"line":30,"column":15}},"loc":{"start":{"line":30,"column":44},"end":{"line":33,"column":null}}}},"branchMap":{},"s":{"0":1,"1":1,"2":0,"3":0,"4":1,"5":0,"6":1,"7":1},"f":{"0":2,"1":0,"2":0},"b":{}}
,"/Users/timi/web/movie_recommendation_api/src/data-source.ts": {"path":"/Users/timi/web/movie_recommendation_api/src/data-source.ts","statementMap":{"0":{"start":{"line":1,"column":0},"end":{"line":1,"column":26}},"1":{"start":{"line":2,"column":0},"end":{"line":2,"column":37}},"2":{"start":{"line":4,"column":0},"end":{"line":4,"column":33}},"3":{"start":{"line":5,"column":0},"end":{"line":5,"column":44}},"4":{"start":{"line":6,"column":0},"end":{"line":6,"column":46}},"5":{"start":{"line":8,"column":0},"end":{"line":8,"column":16}},"6":{"start":{"line":11,"column":2},"end":{"line":11,"column":13}},"7":{"start":{"line":10,"column":15},"end":{"line":10,"column":17}},"8":{"start":{"line":10,"column":24},"end":{"line":10,"column":26}},"9":{"start":{"line":10,"column":37},"end":{"line":10,"column":39}},"10":{"start":{"line":10,"column":50},"end":{"line":10,"column":52}},"11":{"start":{"line":10,"column":63},"end":{"line":10,"column":65}},"12":{"start":{"line":10,"column":73},"end":{"line":10,"column":null}},"13":{"start":{"line":13,"column":13},"end":{"line":27,"column":3}}},"fnMap":{},"branchMap":{"0":{"loc":{"start":{"line":16,"column":17},"end":{"line":16,"column":34}},"type":"binary-expr","locations":[{"start":{"line":16,"column":17},"end":{"line":16,"column":24}},{"start":{"line":16,"column":28},"end":{"line":16,"column":34}}]},"1":{"loc":{"start":{"line":21,"column":15},"end":{"line":21,"column":49}},"type":"cond-expr","locations":[{"start":{"line":21,"column":36},"end":{"line":21,"column":41}},{"start":{"line":21,"column":44},"end":{"line":21,"column":49}}]},"2":{"loc":{"start":{"line":23,"column":11},"end":{"line":23,"column":44}},"type":"cond-expr","locations":[{"start":{"line":23,"column":32},"end":{"line":23,"column":36}},{"start":{"line":23,"column":39},"end":{"line":23,"column":44}}]}},"s":{"0":1,"1":1,"2":1,"3":1,"4":1,"5":1,"6":1,"7":1,"8":1,"9":1,"10":1,"11":1,"12":1,"13":1},"f":{},"b":{"0":[1,0],"1":[0,1],"2":[0,1]}}
,"/Users/timi/web/movie_recommendation_api/src/index.ts": {"path":"/Users/timi/web/movie_recommendation_api/src/index.ts","statementMap":{"0":{"start":{"line":1,"column":0},"end":{"line":1,"column":46}},"1":{"start":{"line":2,"column":0},"end":{"line":2,"column":30}},"2":{"start":{"line":3,"column":0},"end":{"line":3,"column":33}},"3":{"start":{"line":5,"column":0},"end":{"line":5,"column":57}},"4":{"start":{"line":6,"column":0},"end":{"line":6,"column":50}},"5":{"start":{"line":7,"column":0},"end":{"line":7,"column":52}},"6":{"start":{"line":8,"column":0},"end":{"line":8,"column":26}},"7":{"start":{"line":9,"column":0},"end":{"line":9,"column":16}},"8":{"start":{"line":11,"column":12},"end":{"line":11,"column":21}},"9":{"start":{"line":12,"column":0},"end":{"line":12,"column":24}},"10":{"start":{"line":13,"column":0},"end":{"line":13,"column":22}},"11":{"start":{"line":14,"column":24},"end":{"line":14,"column":36}},"12":{"start":{"line":14,"column":12},"end":{"line":14,"column":24}},"13":{"start":{"line":15,"column":0},"end":{"line":15,"column":29}},"14":{"start":{"line":16,"column":0},"end":{"line":16,"column":29}},"15":{"start":{"line":18,"column":0},"end":{"line":21,"column":3}},"16":{"start":{"line":19,"column":2},"end":{"line":19,"column":25}},"17":{"start":{"line":20,"column":2},"end":{"line":20,"column":51}},"18":{"start":{"line":23,"column":0},"end":{"line":30,"column":40}},"19":{"start":{"line":24,"column":8},"end":{"line":29,"column":4}},"20":{"start":{"line":25,"column":4},"end":{"line":27,"column":7}},"21":{"start":{"line":26,"column":6},"end":{"line":26,"column":67}},"22":{"start":{"line":28,"column":4},"end":{"line":28,"column":53}},"23":{"start":{"line":30,"column":20},"end":{"line":30,"column":39}},"24":{"start":{"line":32,"column":0},"end":{"line":32,"column":19}}},"fnMap":{"0":{"name":"(anonymous_20)","decl":{"start":{"line":18,"column":13},"end":{"line":18,"column":14}},"loc":{"start":{"line":18,"column":41},"end":{"line":21,"column":1}}},"1":{"name":"(anonymous_21)","decl":{"start":{"line":24,"column":8},"end":{"line":24,"column":null}},"loc":{"start":{"line":24,"column":8},"end":{"line":29,"column":4}}},"2":{"name":"(anonymous_24)","decl":{"start":{"line":25,"column":21},"end":{"line":25,"column":null}},"loc":{"start":{"line":25,"column":21},"end":{"line":27,"column":5}}},"3":{"name":"(anonymous_25)","decl":{"start":{"line":30,"column":9},"end":{"line":30,"column":10}},"loc":{"start":{"line":30,"column":15},"end":{"line":30,"column":27}}}},"branchMap":{"0":{"loc":{"start":{"line":14,"column":12},"end":{"line":14,"column":24}},"type":"cond-expr","locations":[{"start":{"line":14,"column":15},"end":{"line":14,"column":19}},{"start":{"line":14,"column":19},"end":{"line":14,"column":24}}]}},"s":{"0":1,"1":1,"2":1,"3":1,"4":1,"5":1,"6":1,"7":1,"8":1,"9":1,"10":1,"11":1,"12":1,"13":1,"14":1,"15":1,"16":0,"17":0,"18":1,"19":1,"20":1,"21":1,"22":1,"23":0,"24":1},"f":{"0":0,"1":2,"2":1,"3":0},"b":{"0":[0,1]}}
,"/Users/timi/web/movie_recommendation_api/src/__tests__/fixtures/user.fixture.ts": {"path":"/Users/timi/web/movie_recommendation_api/src/__tests__/fixtures/user.fixture.ts","statementMap":{"0":{"start":{"line":3,"column":13},"end":{"line":8,"column":null}},"1":{"start":{"line":10,"column":13},"end":{"line":13,"column":2}}},"fnMap":{},"branchMap":{},"s":{"0":1,"1":1},"f":{},"b":{}}
,"/Users/timi/web/movie_recommendation_api/src/controllers/auth.controller.ts": {"path":"/Users/timi/web/movie_recommendation_api/src/controllers/auth.controller.ts","statementMap":{"0":{"start":{"line":2,"column":0},"end":{"line":2,"column":47}},"1":{"start":{"line":3,"column":0},"end":{"line":3,"column":45}},"2":{"start":{"line":4,"column":0},"end":{"line":4,"column":45}},"3":{"start":{"line":6,"column":0},"end":{"line":6,"column":13}},"4":{"start":{"line":7,"column":15},"end":{"line":30,"column":null}},"5":{"start":{"line":9,"column":12},"end":{"line":9,"column":34}},"6":{"start":{"line":10,"column":6},"end":{"line":14,"column":null}},"7":{"start":{"line":11,"column":8},"end":{"line":13,"column":61}},"8":{"start":{"line":16,"column":12},"end":{"line":16,"column":63}},"9":{"start":{"line":17,"column":19},"end":{"line":17,"column":null}},"10":{"start":{"line":17,"column":12},"end":{"line":17,"column":null}},"11":{"start":{"line":19,"column":12},"end":{"line":19,"column":79}},"12":{"start":{"line":20,"column":6},"end":{"line":22,"column":null}},"13":{"start":{"line":21,"column":8},"end":{"line":21,"column":67}},"14":{"start":{"line":23,"column":12},"end":{"line":23,"column":59}},"15":{"start":{"line":25,"column":6},"end":{"line":25,"column":80}},"16":{"start":{"line":27,"column":6},"end":{"line":27,"column":27}},"17":{"start":{"line":28,"column":6},"end":{"line":28,"column":72}},"18":{"start":{"line":32,"column":15},"end":{"line":41,"column":null}},"19":{"start":{"line":33,"column":4},"end":{"line":35,"column":null}},"20":{"start":{"line":34,"column":6},"end":{"line":34,"column":63}},"21":{"start":{"line":36,"column":10},"end":{"line":36,"column":61}},"22":{"start":{"line":37,"column":17},"end":{"line":39,"column":null}},"23":{"start":{"line":37,"column":10},"end":{"line":39,"column":null}},"24":{"start":{"line":40,"column":4},"end":{"line":40,"column":66}},"25":{"start":{"line":42,"column":0},"end":{"line":42,"column":null}},"26":{"start":{"line":6,"column":13},"end":{"line":6,"column":27}}},"fnMap":{"0":{"name":"(anonymous_15)","decl":{"start":{"line":6,"column":0},"end":{"line":6,"column":13}},"loc":{"start":{"line":6,"column":0},"end":{"line":42,"column":null}}},"1":{"name":"(anonymous_17)","decl":{"start":{"line":7,"column":2},"end":{"line":7,"column":15}},"loc":{"start":{"line":7,"column":48},"end":{"line":30,"column":null}}},"2":{"name":"(anonymous_20)","decl":{"start":{"line":32,"column":2},"end":{"line":32,"column":15}},"loc":{"start":{"line":32,"column":53},"end":{"line":41,"column":null}}}},"branchMap":{"0":{"loc":{"start":{"line":10,"column":6},"end":{"line":14,"column":null}},"type":"if","locations":[{"start":{"line":10,"column":6},"end":{"line":14,"column":null}}]},"1":{"loc":{"start":{"line":10,"column":10},"end":{"line":10,"column":29}},"type":"binary-expr","locations":[{"start":{"line":10,"column":10},"end":{"line":10,"column":16}},{"start":{"line":10,"column":20},"end":{"line":10,"column":29}}]},"2":{"loc":{"start":{"line":20,"column":6},"end":{"line":22,"column":null}},"type":"if","locations":[{"start":{"line":20,"column":6},"end":{"line":22,"column":null}}]},"3":{"loc":{"start":{"line":20,"column":10},"end":{"line":20,"column":35}},"type":"binary-expr","locations":[{"start":{"line":20,"column":10},"end":{"line":20,"column":15}},{"start":{"line":20,"column":19},"end":{"line":20,"column":35}}]},"4":{"loc":{"start":{"line":33,"column":4},"end":{"line":35,"column":null}},"type":"if","locations":[{"start":{"line":33,"column":4},"end":{"line":35,"column":null}}]}},"s":{"0":1,"1":1,"2":1,"3":1,"4":1,"5":0,"6":0,"7":0,"8":0,"9":0,"10":0,"11":0,"12":0,"13":0,"14":0,"15":0,"16":0,"17":0,"18":1,"19":0,"20":0,"21":0,"22":0,"23":0,"24":0,"25":1,"26":1},"f":{"0":1,"1":0,"2":0},"b":{"0":[0],"1":[0,0],"2":[0],"3":[0,0],"4":[0]}}
,"/Users/timi/web/movie_recommendation_api/src/controllers/movie.controller.ts": {"path":"/Users/timi/web/movie_recommendation_api/src/controllers/movie.controller.ts","statementMap":{"0":{"start":{"line":2,"column":0},"end":{"line":2,"column":38}},"1":{"start":{"line":3,"column":0},"end":{"line":3,"column":47}},"2":{"start":{"line":4,"column":0},"end":{"line":4,"column":47}},"3":{"start":{"line":6,"column":0},"end":{"line":6,"column":13}},"4":{"start":{"line":7,"column":15},"end":{"line":23,"column":null}},"5":{"start":{"line":8,"column":10},"end":{"line":8,"column":35}},"6":{"start":{"line":9,"column":8},"end":{"line":9,"column":12}},"7":{"start":{"line":10,"column":6},"end":{"line":10,"column":40}},"8":{"start":{"line":11,"column":6},"end":{"line":13,"column":9}},"9":{"start":{"line":15,"column":6},"end":{"line":15,"column":37}},"10":{"start":{"line":16,"column":12},"end":{"line":16,"column":65}},"11":{"start":{"line":17,"column":21},"end":{"line":17,"column":null}},"12":{"start":{"line":17,"column":12},"end":{"line":17,"column":null}},"13":{"start":{"line":18,"column":6},"end":{"line":18,"column":39}},"14":{"start":{"line":19,"column":6},"end":{"line":21,"column":9}},"15":{"start":{"line":24,"column":15},"end":{"line":40,"column":null}},"16":{"start":{"line":25,"column":10},"end":{"line":25,"column":null}},"17":{"start":{"line":27,"column":10},"end":{"line":27,"column":30}},"18":{"start":{"line":28,"column":4},"end":{"line":28,"column":24}},"19":{"start":{"line":29,"column":4},"end":{"line":29,"column":36}},"20":{"start":{"line":30,"column":4},"end":{"line":30,"column":30}},"21":{"start":{"line":31,"column":4},"end":{"line":31,"column":22}},"22":{"start":{"line":32,"column":4},"end":{"line":32,"column":26}},"23":{"start":{"line":33,"column":4},"end":{"line":33,"column":24}},"24":{"start":{"line":34,"column":4},"end":{"line":34,"column":22}},"25":{"start":{"line":35,"column":10},"end":{"line":35,"column":63}},"26":{"start":{"line":36,"column":4},"end":{"line":36,"column":38}},"27":{"start":{"line":37,"column":4},"end":{"line":39,"column":62}},"28":{"start":{"line":42,"column":15},"end":{"line":61,"column":null}},"29":{"start":{"line":43,"column":12},"end":{"line":43,"column":19}},"30":{"start":{"line":44,"column":10},"end":{"line":44,"column":null}},"31":{"start":{"line":46,"column":10},"end":{"line":46,"column":63}},"32":{"start":{"line":47,"column":18},"end":{"line":49,"column":null}},"33":{"start":{"line":47,"column":10},"end":{"line":49,"column":null}},"34":{"start":{"line":50,"column":4},"end":{"line":50,"column":24}},"35":{"start":{"line":51,"column":4},"end":{"line":51,"column":36}},"36":{"start":{"line":52,"column":4},"end":{"line":52,"column":30}},"37":{"start":{"line":53,"column":4},"end":{"line":53,"column":22}},"38":{"start":{"line":54,"column":4},"end":{"line":54,"column":26}},"39":{"start":{"line":55,"column":4},"end":{"line":55,"column":24}},"40":{"start":{"line":56,"column":4},"end":{"line":56,"column":22}},"41":{"start":{"line":57,"column":4},"end":{"line":57,"column":38}},"42":{"start":{"line":58,"column":4},"end":{"line":60,"column":62}},"43":{"start":{"line":63,"column":15},"end":{"line":73,"column":null}},"44":{"start":{"line":64,"column":12},"end":{"line":64,"column":19}},"45":{"start":{"line":65,"column":10},"end":{"line":65,"column":63}},"46":{"start":{"line":66,"column":18},"end":{"line":68,"column":null}},"47":{"start":{"line":66,"column":10},"end":{"line":68,"column":null}},"48":{"start":{"line":69,"column":4},"end":{"line":69,"column":40}},"49":{"start":{"line":70,"column":4},"end":{"line":72,"column":62}},"50":{"start":{"line":74,"column":0},"end":{"line":74,"column":null}},"51":{"start":{"line":6,"column":13},"end":{"line":6,"column":28}}},"fnMap":{"0":{"name":"(anonymous_19)","decl":{"start":{"line":6,"column":0},"end":{"line":6,"column":13}},"loc":{"start":{"line":6,"column":0},"end":{"line":74,"column":null}}},"1":{"name":"(anonymous_21)","decl":{"start":{"line":7,"column":2},"end":{"line":7,"column":15}},"loc":{"start":{"line":7,"column":55},"end":{"line":23,"column":null}}},"2":{"name":"(anonymous_24)","decl":{"start":{"line":24,"column":2},"end":{"line":24,"column":15}},"loc":{"start":{"line":24,"column":54},"end":{"line":40,"column":null}}},"3":{"name":"(anonymous_27)","decl":{"start":{"line":42,"column":2},"end":{"line":42,"column":15}},"loc":{"start":{"line":42,"column":54},"end":{"line":61,"column":null}}},"4":{"name":"(anonymous_30)","decl":{"start":{"line":63,"column":2},"end":{"line":63,"column":15}},"loc":{"start":{"line":63,"column":54},"end":{"line":73,"column":null}}}},"branchMap":{"0":{"loc":{"start":{"line":9,"column":8},"end":{"line":9,"column":12}},"type":"if","locations":[{"start":{"line":9,"column":8},"end":{"line":9,"column":12}}]}},"s":{"0":1,"1":1,"2":1,"3":1,"4":1,"5":0,"6":0,"7":0,"8":0,"9":0,"10":0,"11":0,"12":0,"13":0,"14":0,"15":1,"16":0,"17":0,"18":0,"19":0,"20":0,"21":0,"22":0,"23":0,"24":0,"25":0,"26":0,"27":0,"28":1,"29":0,"30":0,"31":0,"32":0,"33":0,"34":0,"35":0,"36":0,"37":0,"38":0,"39":0,"40":0,"41":0,"42":0,"43":1,"44":0,"45":0,"46":0,"47":0,"48":0,"49":0,"50":1,"51":1},"f":{"0":1,"1":0,"2":0,"3":0,"4":0},"b":{"0":[0]}}
,"/Users/timi/web/movie_recommendation_api/src/controllers/user.controller.ts": {"path":"/Users/timi/web/movie_recommendation_api/src/controllers/user.controller.ts","statementMap":{"0":{"start":{"line":2,"column":0},"end":{"line":2,"column":47}},"1":{"start":{"line":3,"column":0},"end":{"line":3,"column":45}},"2":{"start":{"line":4,"column":0},"end":{"line":4,"column":45}},"3":{"start":{"line":5,"column":0},"end":{"line":5,"column":38}},"4":{"start":{"line":7,"column":0},"end":{"line":7,"column":13}},"5":{"start":{"line":8,"column":15},"end":{"line":26,"column":null}},"6":{"start":{"line":9,"column":10},"end":{"line":9,"column":44}},"7":{"start":{"line":10,"column":30},"end":{"line":10,"column":null}},"8":{"start":{"line":10,"column":10},"end":{"line":10,"column":null}},"9":{"start":{"line":11,"column":10},"end":{"line":11,"column":28}},"10":{"start":{"line":12,"column":4},"end":{"line":12,"column":21}},"11":{"start":{"line":13,"column":5},"end":{"line":13,"column":24}},"12":{"start":{"line":14,"column":4},"end":{"line":14,"column":38}},"13":{"start":{"line":15,"column":4},"end":{"line":15,"column":21}},"14":{"start":{"line":17,"column":10},"end":{"line":17,"column":61}},"15":{"start":{"line":18,"column":4},"end":{"line":18,"column":36}},"16":{"start":{"line":21,"column":10},"end":{"line":21,"column":57}},"17":{"start":{"line":23,"column":4},"end":{"line":25,"column":60}},"18":{"start":{"line":28,"column":15},"end":{"line":45,"column":null}},"19":{"start":{"line":29,"column":10},"end":{"line":29,"column":35}},"20":{"start":{"line":30,"column":8},"end":{"line":30,"column":12}},"21":{"start":{"line":31,"column":6},"end":{"line":31,"column":40}},"22":{"start":{"line":32,"column":6},"end":{"line":34,"column":9}},"23":{"start":{"line":36,"column":6},"end":{"line":36,"column":37}},"24":{"start":{"line":37,"column":12},"end":{"line":37,"column":63}},"25":{"start":{"line":38,"column":20},"end":{"line":38,"column":null}},"26":{"start":{"line":38,"column":12},"end":{"line":38,"column":null}},"27":{"start":{"line":40,"column":6},"end":{"line":40,"column":37}},"28":{"start":{"line":41,"column":6},"end":{"line":43,"column":9}},"29":{"start":{"line":47,"column":15},"end":{"line":58,"column":null}},"30":{"start":{"line":48,"column":12},"end":{"line":48,"column":19}},"31":{"start":{"line":49,"column":10},"end":{"line":49,"column":28}},"32":{"start":{"line":50,"column":10},"end":{"line":50,"column":61}},"33":{"start":{"line":51,"column":17},"end":{"line":53,"column":null}},"34":{"start":{"line":51,"column":10},"end":{"line":53,"column":null}},"35":{"start":{"line":54,"column":4},"end":{"line":54,"column":21}},"36":{"start":{"line":55,"column":4},"end":{"line":55,"column":23}},"37":{"start":{"line":56,"column":4},"end":{"line":56,"column":36}},"38":{"start":{"line":57,"column":4},"end":{"line":57,"column":55}},"39":{"start":{"line":60,"column":15},"end":{"line":68,"column":null}},"40":{"start":{"line":61,"column":12},"end":{"line":61,"column":19}},"41":{"start":{"line":62,"column":10},"end":{"line":62,"column":61}},"42":{"start":{"line":63,"column":17},"end":{"line":65,"column":null}},"43":{"start":{"line":63,"column":10},"end":{"line":65,"column":null}},"44":{"start":{"line":66,"column":4},"end":{"line":66,"column":38}},"45":{"start":{"line":67,"column":4},"end":{"line":67,"column":44}},"46":{"start":{"line":69,"column":0},"end":{"line":69,"column":null}},"47":{"start":{"line":7,"column":13},"end":{"line":7,"column":27}}},"fnMap":{"0":{"name":"(anonymous_19)","decl":{"start":{"line":7,"column":0},"end":{"line":7,"column":13}},"loc":{"start":{"line":7,"column":0},"end":{"line":69,"column":null}}},"1":{"name":"(anonymous_21)","decl":{"start":{"line":8,"column":2},"end":{"line":8,"column":15}},"loc":{"start":{"line":8,"column":49},"end":{"line":26,"column":null}}},"2":{"name":"(anonymous_24)","decl":{"start":{"line":28,"column":2},"end":{"line":28,"column":15}},"loc":{"start":{"line":28,"column":51},"end":{"line":45,"column":null}}},"3":{"name":"(anonymous_27)","decl":{"start":{"line":47,"column":2},"end":{"line":47,"column":15}},"loc":{"start":{"line":47,"column":53},"end":{"line":58,"column":null}}},"4":{"name":"(anonymous_30)","decl":{"start":{"line":60,"column":2},"end":{"line":60,"column":15}},"loc":{"start":{"line":60,"column":53},"end":{"line":68,"column":null}}}},"branchMap":{"0":{"loc":{"start":{"line":30,"column":8},"end":{"line":30,"column":12}},"type":"if","locations":[{"start":{"line":30,"column":8},"end":{"line":30,"column":12}}]}},"s":{"0":1,"1":1,"2":1,"3":1,"4":1,"5":1,"6":1,"7":1,"8":1,"9":1,"10":1,"11":1,"12":1,"13":1,"14":1,"15":1,"16":0,"17":0,"18":1,"19":0,"20":0,"21":0,"22":0,"23":0,"24":0,"25":0,"26":0,"27":0,"28":0,"29":1,"30":0,"31":0,"32":0,"33":0,"34":0,"35":0,"36":0,"37":0,"38":0,"39":1,"40":0,"41":0,"42":0,"43":0,"44":0,"45":0,"46":1,"47":1},"f":{"0":1,"1":1,"2":0,"3":0,"4":0},"b":{"0":[0]}}
,"/Users/timi/web/movie_recommendation_api/src/entity/Movie.entity.ts": {"path":"/Users/timi/web/movie_recommendation_api/src/entity/Movie.entity.ts","statementMap":{"0":{"start":{"line":1,"column":0},"end":{"line":1,"column":null}},"1":{"start":{"line":10,"column":0},"end":{"line":10,"column":13}},"2":{"start":{"line":12,"column":2},"end":{"line":12,"column":null}},"3":{"start":{"line":15,"column":2},"end":{"line":15,"column":null}},"4":{"start":{"line":18,"column":2},"end":{"line":18,"column":null}},"5":{"start":{"line":21,"column":2},"end":{"line":21,"column":null}},"6":{"start":{"line":24,"column":2},"end":{"line":24,"column":null}},"7":{"start":{"line":27,"column":2},"end":{"line":27,"column":null}},"8":{"start":{"line":30,"column":2},"end":{"line":30,"column":null}},"9":{"start":{"line":33,"column":2},"end":{"line":33,"column":null}},"10":{"start":{"line":36,"column":2},"end":{"line":36,"column":null}},"11":{"start":{"line":39,"column":2},"end":{"line":39,"column":null}},"12":{"start":{"line":10,"column":13},"end":{"line":40,"column":null}},"13":{"start":{"line":40,"column":0},"end":{"line":40,"column":null}},"14":{"start":{"line":10,"column":13},"end":{"line":10,"column":18}}},"fnMap":{"0":{"name":"(anonymous_2)","decl":{"start":{"line":10,"column":0},"end":{"line":10,"column":13}},"loc":{"start":{"line":10,"column":0},"end":{"line":10,"column":13}}}},"branchMap":{},"s":{"0":1,"1":1,"2":1,"3":1,"4":1,"5":1,"6":1,"7":1,"8":1,"9":1,"10":1,"11":1,"12":1,"13":1,"14":1},"f":{"0":2},"b":{}}
,"/Users/timi/web/movie_recommendation_api/src/entity/User.entity.ts": {"path":"/Users/timi/web/movie_recommendation_api/src/entity/User.entity.ts","statementMap":{"0":{"start":{"line":1,"column":0},"end":{"line":1,"column":null}},"1":{"start":{"line":10,"column":0},"end":{"line":10,"column":13}},"2":{"start":{"line":12,"column":2},"end":{"line":12,"column":null}},"3":{"start":{"line":15,"column":2},"end":{"line":15,"column":null}},"4":{"start":{"line":18,"column":2},"end":{"line":18,"column":null}},"5":{"start":{"line":21,"column":2},"end":{"line":21,"column":null}},"6":{"start":{"line":24,"column":2},"end":{"line":24,"column":null}},"7":{"start":{"line":27,"column":2},"end":{"line":27,"column":null}},"8":{"start":{"line":30,"column":2},"end":{"line":30,"column":null}},"9":{"start":{"line":10,"column":13},"end":{"line":31,"column":null}},"10":{"start":{"line":31,"column":0},"end":{"line":31,"column":null}},"11":{"start":{"line":10,"column":13},"end":{"line":10,"column":17}}},"fnMap":{"0":{"name":"(anonymous_2)","decl":{"start":{"line":10,"column":0},"end":{"line":10,"column":13}},"loc":{"start":{"line":10,"column":0},"end":{"line":10,"column":13}}}},"branchMap":{},"s":{"0":1,"1":1,"2":1,"3":1,"4":1,"5":1,"6":1,"7":1,"8":1,"9":1,"10":1,"11":1},"f":{"0":3},"b":{}}
,"/Users/timi/web/movie_recommendation_api/src/helpers/encrypt.ts": {"path":"/Users/timi/web/movie_recommendation_api/src/helpers/encrypt.ts","statementMap":{"0":{"start":{"line":1,"column":0},"end":{"line":1,"column":36}},"1":{"start":{"line":2,"column":0},"end":{"line":2,"column":33}},"2":{"start":{"line":3,"column":0},"end":{"line":3,"column":33}},"3":{"start":{"line":6,"column":0},"end":{"line":6,"column":16}},"4":{"start":{"line":7,"column":28},"end":{"line":7,"column":40}},"5":{"start":{"line":7,"column":18},"end":{"line":7,"column":28}},"6":{"start":{"line":8,"column":0},"end":{"line":8,"column":13}},"7":{"start":{"line":9,"column":15},"end":{"line":13,"column":null}},"8":{"start":{"line":10,"column":4},"end":{"line":10,"column":27}},"9":{"start":{"line":11,"column":4},"end":{"line":11,"column":26}},"10":{"start":{"line":12,"column":4},"end":{"line":12,"column":41}},"11":{"start":{"line":14,"column":9},"end":{"line":16,"column":null}},"12":{"start":{"line":15,"column":4},"end":{"line":15,"column":54}},"13":{"start":{"line":18,"column":9},"end":{"line":20,"column":null}},"14":{"start":{"line":19,"column":4},"end":{"line":19,"column":62}},"15":{"start":{"line":21,"column":0},"end":{"line":21,"column":null}},"16":{"start":{"line":8,"column":13},"end":{"line":8,"column":20}}},"fnMap":{"0":{"name":"(anonymous_19)","decl":{"start":{"line":8,"column":0},"end":{"line":8,"column":13}},"loc":{"start":{"line":8,"column":0},"end":{"line":21,"column":null}}},"1":{"name":"(anonymous_21)","decl":{"start":{"line":9,"column":2},"end":{"line":9,"column":15}},"loc":{"start":{"line":9,"column":43},"end":{"line":13,"column":null}}},"2":{"name":"(anonymous_24)","decl":{"start":{"line":14,"column":2},"end":{"line":14,"column":9}},"loc":{"start":{"line":14,"column":63},"end":{"line":16,"column":3}}},"3":{"name":"(anonymous_25)","decl":{"start":{"line":18,"column":2},"end":{"line":18,"column":9}},"loc":{"start":{"line":18,"column":39},"end":{"line":20,"column":3}}}},"branchMap":{"0":{"loc":{"start":{"line":7,"column":18},"end":{"line":7,"column":28}},"type":"cond-expr","locations":[{"start":{"line":7,"column":21},"end":{"line":7,"column":23}},{"start":{"line":7,"column":23},"end":{"line":7,"column":28}}]}},"s":{"0":1,"1":1,"2":1,"3":1,"4":1,"5":1,"6":1,"7":1,"8":1,"9":1,"10":1,"11":1,"12":0,"13":1,"14":0,"15":1,"16":1},"f":{"0":1,"1":1,"2":0,"3":0},"b":{"0":[0,1]}}
,"/Users/timi/web/movie_recommendation_api/src/middleware/authentication.ts": {"path":"/Users/timi/web/movie_recommendation_api/src/middleware/authentication.ts","statementMap":{"0":{"start":{"line":2,"column":0},"end":{"line":2,"column":36}},"1":{"start":{"line":3,"column":0},"end":{"line":3,"column":33}},"2":{"start":{"line":4,"column":0},"end":{"line":4,"column":16}},"3":{"start":{"line":6,"column":32},"end":{"line":25,"column":1}},"4":{"start":{"line":11,"column":17},"end":{"line":11,"column":42}},"5":{"start":{"line":12,"column":2},"end":{"line":14,"column":null}},"6":{"start":{"line":13,"column":4},"end":{"line":13,"column":61}},"7":{"start":{"line":15,"column":16},"end":{"line":15,"column":36}},"8":{"start":{"line":16,"column":2},"end":{"line":18,"column":null}},"9":{"start":{"line":17,"column":4},"end":{"line":17,"column":61}},"10":{"start":{"line":19,"column":17},"end":{"line":19,"column":58}},"11":{"start":{"line":20,"column":2},"end":{"line":22,"column":null}},"12":{"start":{"line":21,"column":4},"end":{"line":21,"column":61}},"13":{"start":{"line":23,"column":2},"end":{"line":23,"column":31}},"14":{"start":{"line":24,"column":2},"end":{"line":24,"column":9}},"15":{"start":{"line":6,"column":13},"end":{"line":6,"column":32}}},"fnMap":{"0":{"name":"(anonymous_6)","decl":{"start":{"line":6,"column":32},"end":{"line":6,"column":null}},"loc":{"start":{"line":9,"column":20},"end":{"line":25,"column":1}}}},"branchMap":{"0":{"loc":{"start":{"line":12,"column":2},"end":{"line":14,"column":null}},"type":"if","locations":[{"start":{"line":12,"column":2},"end":{"line":14,"column":null}}]},"1":{"loc":{"start":{"line":16,"column":2},"end":{"line":18,"column":null}},"type":"if","locations":[{"start":{"line":16,"column":2},"end":{"line":18,"column":null}}]},"2":{"loc":{"start":{"line":20,"column":2},"end":{"line":22,"column":null}},"type":"if","locations":[{"start":{"line":20,"column":2},"end":{"line":22,"column":null}}]}},"s":{"0":1,"1":1,"2":1,"3":1,"4":0,"5":0,"6":0,"7":0,"8":0,"9":0,"10":0,"11":0,"12":0,"13":0,"14":0,"15":1},"f":{"0":0},"b":{"0":[0],"1":[0],"2":[0]}}
,"/Users/timi/web/movie_recommendation_api/src/middleware/authorization.ts": {"path":"/Users/timi/web/movie_recommendation_api/src/middleware/authorization.ts","statementMap":{"0":{"start":{"line":2,"column":0},"end":{"line":2,"column":47}},"1":{"start":{"line":3,"column":0},"end":{"line":3,"column":45}},"2":{"start":{"line":5,"column":29},"end":{"line":17,"column":1}},"3":{"start":{"line":6,"column":2},"end":{"line":16,"column":4}},"4":{"start":{"line":6,"column":63},"end":{"line":16,"column":4}},"5":{"start":{"line":7,"column":10},"end":{"line":7,"column":55}},"6":{"start":{"line":8,"column":17},"end":{"line":10,"column":null}},"7":{"start":{"line":8,"column":10},"end":{"line":10,"column":null}},"8":{"start":{"line":11,"column":4},"end":{"line":11,"column":22}},"9":{"start":{"line":12,"column":4},"end":{"line":14,"column":null}},"10":{"start":{"line":13,"column":6},"end":{"line":13,"column":60}},"11":{"start":{"line":15,"column":4},"end":{"line":15,"column":11}},"12":{"start":{"line":5,"column":13},"end":{"line":5,"column":29}}},"fnMap":{"0":{"name":"(anonymous_13)","decl":{"start":{"line":5,"column":29},"end":{"line":5,"column":30}},"loc":{"start":{"line":5,"column":45},"end":{"line":17,"column":1}}},"1":{"name":"(anonymous_14)","decl":{"start":{"line":6,"column":9},"end":{"line":6,"column":16}},"loc":{"start":{"line":6,"column":63},"end":{"line":16,"column":4}}},"2":{"name":"(anonymous_15)","decl":{"start":{"line":6,"column":63},"end":{"line":6,"column":null}},"loc":{"start":{"line":6,"column":63},"end":{"line":16,"column":4}}}},"branchMap":{"0":{"loc":{"start":{"line":12,"column":4},"end":{"line":14,"column":null}},"type":"if","locations":[{"start":{"line":12,"column":4},"end":{"line":14,"column":null}}]}},"s":{"0":1,"1":1,"2":1,"3":6,"4":0,"5":0,"6":0,"7":0,"8":0,"9":0,"10":0,"11":0,"12":1},"f":{"0":6,"1":0,"2":0},"b":{"0":[0]}}
,"/Users/timi/web/movie_recommendation_api/src/middleware/errorHandler.ts": {"path":"/Users/timi/web/movie_recommendation_api/src/middleware/errorHandler.ts","statementMap":{"0":{"start":{"line":3,"column":28},"end":{"line":11,"column":1}},"1":{"start":{"line":9,"column":2},"end":{"line":9,"column":43}},"2":{"start":{"line":10,"column":2},"end":{"line":10,"column":68}},"3":{"start":{"line":3,"column":13},"end":{"line":3,"column":28}}},"fnMap":{"0":{"name":"(anonymous_0)","decl":{"start":{"line":3,"column":28},"end":{"line":3,"column":null}},"loc":{"start":{"line":7,"column":20},"end":{"line":11,"column":1}}}},"branchMap":{},"s":{"0":1,"1":0,"2":0,"3":1},"f":{"0":0},"b":{}}
,"/Users/timi/web/movie_recommendation_api/src/routes/movie.routes.ts": {"path":"/Users/timi/web/movie_recommendation_api/src/routes/movie.routes.ts","statementMap":{"0":{"start":{"line":1,"column":0},"end":{"line":1,"column":35}},"1":{"start":{"line":2,"column":0},"end":{"line":2,"column":64}},"2":{"start":{"line":3,"column":0},"end":{"line":3,"column":66}},"3":{"start":{"line":4,"column":0},"end":{"line":4,"column":60}},"4":{"start":{"line":6,"column":15},"end":{"line":6,"column":31}},"5":{"start":{"line":23,"column":19},"end":{"line":23,"column":30}},"6":{"start":{"line":8,"column":0},"end":{"line":8,"column":70}},"7":{"start":{"line":9,"column":0},"end":{"line":9,"column":70}},"8":{"start":{"line":11,"column":0},"end":{"line":16,"column":2}},"9":{"start":{"line":17,"column":0},"end":{"line":22,"column":2}}},"fnMap":{},"branchMap":{},"s":{"0":1,"1":1,"2":1,"3":1,"4":1,"5":1,"6":1,"7":1,"8":1,"9":1},"f":{},"b":{}}
,"/Users/timi/web/movie_recommendation_api/src/routes/user.routes.ts": {"path":"/Users/timi/web/movie_recommendation_api/src/routes/user.routes.ts","statementMap":{"0":{"start":{"line":1,"column":0},"end":{"line":1,"column":35}},"1":{"start":{"line":2,"column":0},"end":{"line":2,"column":64}},"2":{"start":{"line":3,"column":0},"end":{"line":3,"column":64}},"3":{"start":{"line":4,"column":0},"end":{"line":4,"column":60}},"4":{"start":{"line":5,"column":0},"end":{"line":5,"column":64}},"5":{"start":{"line":6,"column":15},"end":{"line":6,"column":31}},"6":{"start":{"line":34,"column":19},"end":{"line":34,"column":29}},"7":{"start":{"line":8,"column":0},"end":{"line":13,"column":2}},"8":{"start":{"line":14,"column":0},"end":{"line":19,"column":2}},"9":{"start":{"line":20,"column":0},"end":{"line":20,"column":46}},"10":{"start":{"line":21,"column":0},"end":{"line":21,"column":44}},"11":{"start":{"line":22,"column":0},"end":{"line":27,"column":2}},"12":{"start":{"line":28,"column":0},"end":{"line":33,"column":2}}},"fnMap":{},"branchMap":{},"s":{"0":1,"1":1,"2":1,"3":1,"4":1,"5":1,"6":1,"7":1,"8":1,"9":1,"10":1,"11":1,"12":1},"f":{},"b":{}}
}
